Server is ready to accept connections on port 1527.
Connection number: 1.
----------------------------------------------------------------
2014-03-22 19:56:15.366 GMT:
 Booting Derby version The Apache Software Foundation - Apache Derby - 10.1.1.0 - (208786): instance c013800d-0144-eb5c-fd9e-00000000002e
on database directory C:\Manoop\docs\njit\game_dev\PlaysEJB\sample 

Database Class Loader started - derby.database.classpath=''
Connection number: 2.
Connection number: 3.
Connection number: 4.
Connection number: 5.
Connection number: 6.
Connection number: 7.
Connection number: 8.
Connection number: 9.
Connection number: 10.
Connection number: 11.
Connection number: 12.
Connection number: 13.
Connection number: 14.
Connection number: 15.
Connection number: 16.
Connection number: 17.
Connection number: 18.
Connection number: 19.
Connection number: 20.
Connection number: 21.
Connection number: 22.
Connection number: 23.
Connection number: 24.
Connection number: 25.
Connection number: 26.
Connection number: 27.
Connection number: 28.
Connection number: 29.
Connection number: 30.
Connection number: 31.
Connection number: 32.
Connection number: 33.

2014-03-22 20:22:05.947 GMT:
Shutting down instance c013800d-0144-eb5c-fd9e-00000000002e
----------------------------------------------------------------
2014-03-22 20:22:05.958 GMT Thread[DRDAConnThread_8,5,main] (DATABASE = sample), (DRDAID = {33}), Database 'sample' shutdown.
Connection number: 34.
----------------------------------------------------------------
2014-03-22 20:22:08.825 GMT:
 Booting Derby version The Apache Software Foundation - Apache Derby - 10.1.1.0 - (208786): instance c851401a-0144-eb5c-fd9e-00000000002e
on database directory C:\Manoop\docs\njit\game_dev\PlaysEJB\sample 

Database Class Loader started - derby.database.classpath=''
Connection number: 35.
Connection number: 36.
Connection number: 37.
Connection number: 38.
Connection number: 39.
Connection number: 40.
Connection number: 41.
Connection number: 42.
Connection number: 43.
Connection number: 44.
Connection number: 45.
Connection number: 46.
Connection number: 47.
Connection number: 48.
Connection number: 49.
Connection number: 50.
Connection number: 51.
Connection number: 52.
Connection number: 53.
Connection number: 54.
Connection number: 55.
Connection number: 56.
Connection number: 57.
Connection number: 58.
Connection number: 59.
Connection number: 60.
Connection number: 61.
Connection number: 62.
Connection number: 63.
Connection number: 64.
Connection number: 65.
Connection number: 66.
Connection number: 67.
Connection number: 68.
Connection number: 69.
Connection number: 70.
Connection number: 71.
Connection number: 72.
Connection number: 73.
Connection number: 74.
Connection number: 75.
Connection number: 76.
Connection number: 77.
Connection number: 78.
Connection number: 79.
Connection number: 80.
Connection number: 81.
Connection number: 82.
Connection number: 83.
Connection number: 84.
Connection number: 85.
Connection number: 86.
Connection number: 87.
Connection number: 88.
Connection number: 89.
Connection number: 90.
Connection number: 91.
Connection number: 92.
Connection number: 93.
Connection number: 94.
Connection number: 95.
Connection number: 96.
Connection number: 97.
Connection number: 98.
Connection number: 99.
Connection number: 100.
Connection number: 101.
Connection number: 102.
Connection number: 103.
Connection number: 104.
Connection number: 105.
Connection number: 106.
Connection number: 107.
Connection number: 108.
Connection number: 109.
Connection number: 110.
Connection number: 111.
Connection number: 112.
Connection number: 113.
Connection number: 114.
Connection number: 115.
Connection number: 116.
Connection number: 117.
Connection number: 118.
Connection number: 119.
Connection number: 120.
Connection number: 121.
Connection number: 122.
Connection number: 123.
Connection number: 124.
Connection number: 125.
Connection number: 126.
Connection number: 127.
Connection number: 128.
Connection number: 129.
Connection number: 130.
Connection number: 131.
Connection number: 132.
Connection number: 133.
Connection number: 134.
Connection number: 135.
Connection number: 136.
Connection number: 137.
Connection number: 138.
Connection number: 139.
Connection number: 140.
Connection number: 141.
Connection number: 142.
Connection number: 143.
Connection number: 144.
Connection number: 145.
Connection number: 146.
Connection number: 147.
Connection number: 148.
Connection number: 149.
Connection number: 150.
Connection number: 151.
Connection number: 152.
Connection number: 153.
Connection number: 154.
Connection number: 155.
Connection number: 156.
Connection number: 157.
Connection number: 158.
Connection number: 159.
Connection number: 160.
Connection number: 161.
Connection number: 162.
Connection number: 163.
Connection number: 164.
Connection number: 165.
Connection number: 166.
Connection number: 167.
Connection number: 168.
Connection number: 169.
Connection number: 170.
Connection number: 171.
Connection number: 172.
Connection number: 173.
Connection number: 174.
Connection number: 175.
